<?xml version="1.0" encoding="UTF-8"?>
<!-- Generated by org.testng.reporters.JUnitXMLReporter -->
<testsuite ignored="0" hostname="DESKTOP-PF1P3TA" failures="1" tests="1" name="Tests2" time="10.048" errors="0" timestamp="2025-07-24T05:52:19 IST">
  <testcase classname="api.test.SchemaValidationTest" name="testSchemaValidation" time="9.842">
    <failure type="java.lang.AssertionError" message="1 expectation failed.
Response body doesn&amp;apos;t match expectation.
Expected: The content to match the given JSON schema.
error: object has missing required properties ([&amp;quot;data&amp;quot;,&amp;quot;page&amp;quot;,&amp;quot;per_page&amp;quot;,&amp;quot;support&amp;quot;,&amp;quot;total&amp;quot;,&amp;quot;total_pages&amp;quot;])
    level: &amp;quot;error&amp;quot;
    schema: {&amp;quot;loadingURI&amp;quot;:&amp;quot;file:/C:/Users/Harsha/AutoAssure-EPAM/target/test-classes/JsonSchema.json#&amp;quot;,&amp;quot;pointer&amp;quot;:&amp;quot;&amp;quot;}
    instance: {&amp;quot;pointer&amp;quot;:&amp;quot;&amp;quot;}
    domain: &amp;quot;validation&amp;quot;
    keyword: &amp;quot;required&amp;quot;
    required: [&amp;quot;data&amp;quot;,&amp;quot;page&amp;quot;,&amp;quot;per_page&amp;quot;,&amp;quot;support&amp;quot;,&amp;quot;total&amp;quot;,&amp;quot;total_pages&amp;quot;]
    missing: [&amp;quot;data&amp;quot;,&amp;quot;page&amp;quot;,&amp;quot;per_page&amp;quot;,&amp;quot;support&amp;quot;,&amp;quot;total&amp;quot;,&amp;quot;total_pages&amp;quot;]

  Actual: {&amp;quot;error&amp;quot;:&amp;quot;Missing API key.&amp;quot;,&amp;quot;how_to_get_one&amp;quot;:&amp;quot;https://reqres.in/signup&amp;quot;}
">
      <![CDATA[java.lang.AssertionError: 1 expectation failed.
Response body doesn't match expectation.
Expected: The content to match the given JSON schema.
error: object has missing required properties (["data","page","per_page","support","total","total_pages"])
    level: "error"
    schema: {"loadingURI":"file:/C:/Users/Harsha/AutoAssure-EPAM/target/test-classes/JsonSchema.json#","pointer":""}
    instance: {"pointer":""}
    domain: "validation"
    keyword: "required"
    required: ["data","page","per_page","support","total","total_pages"]
    missing: ["data","page","per_page","support","total","total_pages"]

  Actual: {"error":"Missing API key.","how_to_get_one":"https://reqres.in/signup"}

at org.codehaus.groovy.runtime.callsite.ConstructorSite$ConstructorSiteNoUnwrapNoCoerce.callConstructor(ConstructorSite.java:108)
at org.codehaus.groovy.runtime.callsite.AbstractCallSite.callConstructor(AbstractCallSite.java:277)
at io.restassured.internal.ResponseSpecificationImpl$HamcrestAssertionClosure.validate(ResponseSpecificationImpl.groovy:512)
at io.restassured.internal.ResponseSpecificationImpl$HamcrestAssertionClosure$validate$3.call(Unknown Source)
at io.restassured.internal.ResponseSpecificationImpl.validateResponseIfRequired(ResponseSpecificationImpl.groovy:696)
at io.restassured.internal.ResponseSpecificationImpl.this$2$validateResponseIfRequired(ResponseSpecificationImpl.groovy)
at org.codehaus.groovy.runtime.callsite.PlainObjectMetaMethodSite.doInvoke(PlainObjectMetaMethodSite.java:43)
at org.codehaus.groovy.runtime.callsite.PogoMetaMethodSite$PogoCachedMethodSiteNoUnwrapNoCoerce.invoke(PogoMetaMethodSite.java:198)
at org.codehaus.groovy.runtime.callsite.PogoMetaMethodSite.callCurrent(PogoMetaMethodSite.java:62)
at org.codehaus.groovy.runtime.callsite.CallSiteArray.defaultCallCurrent(CallSiteArray.java:49)
at org.codehaus.groovy.runtime.callsite.AbstractCallSite.callCurrent(AbstractCallSite.java:171)
at org.codehaus.groovy.runtime.callsite.AbstractCallSite.callCurrent(AbstractCallSite.java:185)
at io.restassured.internal.ResponseSpecificationImpl.body(ResponseSpecificationImpl.groovy:107)
at io.restassured.internal.ValidatableResponseOptionsImpl.body(ValidatableResponseOptionsImpl.java:238)
at api.test.SchemaValidationTest.testSchemaValidation(SchemaValidationTest.java:17)
at java.base/java.util.ArrayList.forEach(ArrayList.java:1596)
at java.base/java.util.concurrent.FutureTask.run(FutureTask.java:317)
at java.base/java.util.concurrent.ThreadPoolExecutor.runWorker(ThreadPoolExecutor.java:1144)
at java.base/java.util.concurrent.ThreadPoolExecutor$Worker.run(ThreadPoolExecutor.java:642)
at java.base/java.lang.Thread.run(Thread.java:1583)
... Removed 21 stack frames]]>
    </failure>
  </testcase> <!-- testSchemaValidation -->
</testsuite> <!-- Tests2 -->
